  main.cpp
c:\users\guibo\source\repos\softrender\softrender\vec3.hpp(48): warning C4244: “初始化”: 从“double”转换到“float”，可能丢失数据
c:\users\guibo\source\repos\softrender\softrender\vec3.hpp(127): warning C4244: “初始化”: 从“double”转换到“float”，可能丢失数据
c:\users\guibo\source\repos\softrender\softrender\vec3.hpp(147): warning C4244: “参数”: 从“double”转换到“float”，可能丢失数据
c:\users\guibo\source\repos\softrender\softrender\render.hpp(134): warning C4838: 从“int”转换到“DWORD”需要收缩转换
c:\users\guibo\source\repos\softrender\softrender\material.h(7): error C4430: 缺少类型说明符 - 假定为 int。注意: C++ 不支持默认 int
c:\users\guibo\source\repos\softrender\softrender\material.h(7): error C2143: 语法错误: 缺少“,”(在“&”的前面)
c:\users\guibo\source\repos\softrender\softrender\material.h(13): error C4430: 缺少类型说明符 - 假定为 int。注意: C++ 不支持默认 int
c:\users\guibo\source\repos\softrender\softrender\material.h(13): error C2143: 语法错误: 缺少“,”(在“&”的前面)
c:\users\guibo\source\repos\softrender\softrender\material.h(14): error C2065: “rec”: 未声明的标识符
c:\users\guibo\source\repos\softrender\softrender\material.h(14): error C2660: “reflect”: 函数不接受 1 个参数
  c:\users\guibo\source\repos\softrender\softrender\vec3.hpp(139): note: 参见“reflect”的声明
c:\users\guibo\source\repos\softrender\softrender\material.h(15): error C2065: “scattered”: 未声明的标识符
c:\users\guibo\source\repos\softrender\softrender\material.h(15): error C2065: “rec”: 未声明的标识符
c:\users\guibo\source\repos\softrender\softrender\material.h(15): error C2440: “<function-style-cast>”: 无法从“vec3”转换为“ray”
  c:\users\guibo\source\repos\softrender\softrender\material.h(15): note: 无构造函数可以接受源类型，或构造函数重载决策不明确
c:\users\guibo\source\repos\softrender\softrender\material.h(16): error C2065: “attenuation”: 未声明的标识符
c:\users\guibo\source\repos\softrender\softrender\material.h(17): error C2065: “scattered”: 未声明的标识符
c:\users\guibo\source\repos\softrender\softrender\material.h(17): error C2065: “rec”: 未声明的标识符
c:\users\guibo\source\repos\softrender\softrender\material.h(17): error C2660: “dot”: 函数不接受 1 个参数
  c:\users\guibo\source\repos\softrender\softrender\vec3.hpp(80): note: 参见“dot”的声明
c:\users\guibo\source\repos\softrender\softrender\hitable_list.h(18): warning C4244: “参数”: 从“double”转换到“float”，可能丢失数据
c:\users\guibo\source\repos\softrender\softrender\main.cpp(16): warning C4305: “参数”: 从“double”到“float”截断
c:\users\guibo\source\repos\softrender\softrender\main.cpp(22): error C2660: “material::scatter”: 函数不接受 4 个参数
  c:\users\guibo\source\repos\softrender\softrender\material.h(7): note: 参见“material::scatter”的声明
c:\users\guibo\source\repos\softrender\softrender\main.cpp(35): warning C4244: “初始化”: 从“double”转换到“float”，可能丢失数据
c:\users\guibo\source\repos\softrender\softrender\main.cpp(36): warning C4244: “参数”: 从“double”转换到“float”，可能丢失数据
c:\users\guibo\source\repos\softrender\softrender\main.cpp(36): warning C4305: “参数”: 从“double”到“float”截断
